  ConfigDataClass.cpp
c:\users\maximilian winter\documents\github\assimp-object-converter\assimp\ConfigDataClass.h(285): warning C4018: "<": Konflikt zwischen "signed" und "unsigned"
c:\users\maximilian winter\documents\github\assimp-object-converter\assimp\ConfigDataClass.h(297): warning C4018: "<": Konflikt zwischen "signed" und "unsigned"
c:\users\maximilian winter\documents\github\assimp-object-converter\assimp\ConfigDataClass.h(325): warning C4018: "<": Konflikt zwischen "signed" und "unsigned"
c:\users\maximilian winter\documents\github\assimp-object-converter\assimp\ConfigDataClass.h(337): warning C4018: "<": Konflikt zwischen "signed" und "unsigned"
c:\users\maximilian winter\documents\github\assimp-object-converter\assimp\ConfigDataClass.h(365): warning C4018: "<": Konflikt zwischen "signed" und "unsigned"
c:\users\maximilian winter\documents\github\assimp-object-converter\assimp\ConfigDataClass.h(377): warning C4018: "<": Konflikt zwischen "signed" und "unsigned"
c:\users\maximilian winter\documents\github\assimp-object-converter\assimp\ConfigDataClass.h(406): warning C4018: "<": Konflikt zwischen "signed" und "unsigned"
c:\users\maximilian winter\documents\github\assimp-object-converter\assimp\ConfigDataClass.h(418): warning C4018: "<": Konflikt zwischen "signed" und "unsigned"
c:\users\maximilian winter\documents\github\assimp-object-converter\assimp\ConfigDataClass.h(446): warning C4018: "<": Konflikt zwischen "signed" und "unsigned"
c:\users\maximilian winter\documents\github\assimp-object-converter\assimp\ConfigDataClass.h(458): warning C4018: "<": Konflikt zwischen "signed" und "unsigned"
c:\users\maximilian winter\documents\github\assimp-object-converter\assimp\ConfigDataClass.h(486): warning C4018: "<": Konflikt zwischen "signed" und "unsigned"
c:\users\maximilian winter\documents\github\assimp-object-converter\assimp\ConfigDataClass.h(498): warning C4018: "<": Konflikt zwischen "signed" und "unsigned"
c:\users\maximilian winter\documents\github\assimp-object-converter\assimp\ConfigDataClass.h(526): warning C4018: "<": Konflikt zwischen "signed" und "unsigned"
c:\users\maximilian winter\documents\github\assimp-object-converter\assimp\ConfigDataClass.h(538): warning C4018: "<": Konflikt zwischen "signed" und "unsigned"
c:\users\maximilian winter\documents\github\assimp-object-converter\assimp\ConfigDataClass.h(566): warning C4018: "<": Konflikt zwischen "signed" und "unsigned"
c:\users\maximilian winter\documents\github\assimp-object-converter\assimp\ConfigDataClass.h(578): warning C4018: "<": Konflikt zwischen "signed" und "unsigned"
c:\users\maximilian winter\documents\github\assimp-object-converter\assimp\ConfigDataClass.h(626): warning C4018: "<": Konflikt zwischen "signed" und "unsigned"
c:\users\maximilian winter\documents\github\assimp-object-converter\assimp\ConfigDataClass.h(634): warning C4018: "<": Konflikt zwischen "signed" und "unsigned"
c:\users\maximilian winter\documents\github\assimp-object-converter\assimp\ConfigDataClass.h(642): warning C4018: "<": Konflikt zwischen "signed" und "unsigned"
c:\users\maximilian winter\documents\github\assimp-object-converter\assimp\ConfigDataClass.h(650): warning C4018: "<": Konflikt zwischen "signed" und "unsigned"
c:\users\maximilian winter\documents\github\assimp-object-converter\assimp\ConfigDataClass.h(658): warning C4018: "<": Konflikt zwischen "signed" und "unsigned"
c:\users\maximilian winter\documents\github\assimp-object-converter\assimp\ConfigDataClass.h(666): warning C4018: "<": Konflikt zwischen "signed" und "unsigned"
c:\users\maximilian winter\documents\github\assimp-object-converter\assimp\ConfigDataClass.h(674): warning C4018: "<": Konflikt zwischen "signed" und "unsigned"
c:\users\maximilian winter\documents\github\assimp-object-converter\assimp\ConfigDataClass.h(682): warning C4018: "<": Konflikt zwischen "signed" und "unsigned"
c:\users\maximilian winter\documents\github\assimp-object-converter\assimp\ConfigDataClass.h(694): warning C4018: "<": Konflikt zwischen "signed" und "unsigned"
c:\users\maximilian winter\documents\github\assimp-object-converter\assimp\ConfigDataClass.h(705): warning C4018: "<": Konflikt zwischen "signed" und "unsigned"
c:\users\maximilian winter\documents\github\assimp-object-converter\assimp\ConfigDataClass.h(716): warning C4018: "<": Konflikt zwischen "signed" und "unsigned"
c:\users\maximilian winter\documents\github\assimp-object-converter\assimp\ConfigDataClass.h(727): warning C4018: "<": Konflikt zwischen "signed" und "unsigned"
c:\users\maximilian winter\documents\github\assimp-object-converter\assimp\ConfigDataClass.h(738): warning C4018: "<": Konflikt zwischen "signed" und "unsigned"
c:\users\maximilian winter\documents\github\assimp-object-converter\assimp\ConfigDataClass.h(749): warning C4018: "<": Konflikt zwischen "signed" und "unsigned"
c:\users\maximilian winter\documents\github\assimp-object-converter\assimp\ConfigDataClass.h(760): warning C4018: "<": Konflikt zwischen "signed" und "unsigned"
c:\users\maximilian winter\documents\github\assimp-object-converter\assimp\ConfigDataClass.h(771): warning C4018: "<": Konflikt zwischen "signed" und "unsigned"
c:\users\maximilian winter\documents\github\assimp-object-converter\assimp\ConfigDataClass.h(962): warning C4018: "<=": Konflikt zwischen "signed" und "unsigned"
c:\users\maximilian winter\documents\github\assimp-object-converter\assimp\ConfigDataClass.h(1005): warning C4018: "<=": Konflikt zwischen "signed" und "unsigned"
c:\users\maximilian winter\documents\github\assimp-object-converter\assimp\ConfigDataClass.h(1041): warning C4018: ">=": Konflikt zwischen "signed" und "unsigned"
c:\users\maximilian winter\documents\github\assimp-object-converter\assimp\ConfigDataClass.h(1198): warning C4018: "<=": Konflikt zwischen "signed" und "unsigned"
c:\users\maximilian winter\documents\github\assimp-object-converter\assimp\ConfigDataClass.h(1230): warning C4018: "<=": Konflikt zwischen "signed" und "unsigned"
c:\users\maximilian winter\documents\github\assimp-object-converter\assimp\ConfigDataClass.h(1287): warning C4018: "<=": Konflikt zwischen "signed" und "unsigned"
c:\users\maximilian winter\documents\github\assimp-object-converter\assimp\ConfigDataClass.h(1312): warning C4018: "<=": Konflikt zwischen "signed" und "unsigned"
c:\users\maximilian winter\documents\github\assimp-object-converter\assimp\ConfigDataClass.h(1458): warning C4018: "<=": Konflikt zwischen "signed" und "unsigned"
c:\users\maximilian winter\documents\github\assimp-object-converter\assimp\ConfigDataClass.h(1503): warning C4018: "<=": Konflikt zwischen "signed" und "unsigned"
ConfigDataClass.cpp(152): warning C4018: "<": Konflikt zwischen "signed" und "unsigned"
ConfigDataClass.cpp(881): warning C4018: "<": Konflikt zwischen "signed" und "unsigned"
ConfigDataClass.cpp(902): warning C4018: "<": Konflikt zwischen "signed" und "unsigned"
ConfigDataClass.cpp(928): warning C4018: "<": Konflikt zwischen "signed" und "unsigned"
ConfigDataClass.cpp(949): warning C4018: "<": Konflikt zwischen "signed" und "unsigned"
ConfigDataClass.cpp(970): warning C4018: "<": Konflikt zwischen "signed" und "unsigned"
ConfigDataClass.cpp(992): warning C4018: "<": Konflikt zwischen "signed" und "unsigned"
ConfigDataClass.cpp(1015): warning C4018: "<": Konflikt zwischen "signed" und "unsigned"
ConfigDataClass.cpp(1053): warning C4018: "<": Konflikt zwischen "signed" und "unsigned"
ConfigDataClass.cpp(1082): warning C4018: "<": Konflikt zwischen "signed" und "unsigned"
ConfigDataClass.cpp(1102): warning C4018: "<": Konflikt zwischen "signed" und "unsigned"
ConfigDataClass.cpp(1112): warning C4018: "<": Konflikt zwischen "signed" und "unsigned"
ConfigDataClass.cpp(1116): warning C4018: "<": Konflikt zwischen "signed" und "unsigned"
ConfigDataClass.cpp(1128): warning C4018: "<": Konflikt zwischen "signed" und "unsigned"
ConfigDataClass.cpp(1148): warning C4018: "<": Konflikt zwischen "signed" und "unsigned"
ConfigDataClass.cpp(1160): warning C4018: "<": Konflikt zwischen "signed" und "unsigned"
ConfigDataClass.cpp(1175): warning C4018: "<": Konflikt zwischen "signed" und "unsigned"
ConfigDataClass.cpp(1200): warning C4018: "<": Konflikt zwischen "signed" und "unsigned"
ConfigDataClass.cpp(1228): warning C4018: "<": Konflikt zwischen "signed" und "unsigned"
ConfigDataClass.cpp(1242): warning C4018: "<": Konflikt zwischen "signed" und "unsigned"
ConfigDataClass.cpp(1250): warning C4018: "<": Konflikt zwischen "signed" und "unsigned"
ConfigDataClass.cpp(1258): warning C4018: "<": Konflikt zwischen "signed" und "unsigned"
ConfigDataClass.cpp(1266): warning C4018: "<": Konflikt zwischen "signed" und "unsigned"
ConfigDataClass.cpp(1274): warning C4018: "<": Konflikt zwischen "signed" und "unsigned"
ConfigDataClass.cpp(1280): warning C4018: "<": Konflikt zwischen "signed" und "unsigned"
ConfigDataClass.cpp(1295): warning C4018: "<": Konflikt zwischen "signed" und "unsigned"
ConfigDataClass.cpp(1301): warning C4018: "<": Konflikt zwischen "signed" und "unsigned"
ConfigDataClass.cpp(1316): warning C4018: "<": Konflikt zwischen "signed" und "unsigned"
ConfigDataClass.cpp(1322): warning C4018: "<": Konflikt zwischen "signed" und "unsigned"
ConfigDataClass.cpp(1338): warning C4018: "<": Konflikt zwischen "signed" und "unsigned"
ConfigDataClass.cpp(1344): warning C4018: "<": Konflikt zwischen "signed" und "unsigned"
ConfigDataClass.cpp(1360): warning C4018: "<": Konflikt zwischen "signed" und "unsigned"
  main.cpp
c:\users\maximilian winter\documents\github\assimp-object-converter\assimp\MeshLoaderClass.h(28): warning C4305: "=": Verkürzung von "double" in "float"
c:\users\maximilian winter\documents\github\assimp-object-converter\assimp\ConfigDataClass.h(285): warning C4018: "<": Konflikt zwischen "signed" und "unsigned"
c:\users\maximilian winter\documents\github\assimp-object-converter\assimp\ConfigDataClass.h(297): warning C4018: "<": Konflikt zwischen "signed" und "unsigned"
c:\users\maximilian winter\documents\github\assimp-object-converter\assimp\ConfigDataClass.h(325): warning C4018: "<": Konflikt zwischen "signed" und "unsigned"
c:\users\maximilian winter\documents\github\assimp-object-converter\assimp\ConfigDataClass.h(337): warning C4018: "<": Konflikt zwischen "signed" und "unsigned"
c:\users\maximilian winter\documents\github\assimp-object-converter\assimp\ConfigDataClass.h(365): warning C4018: "<": Konflikt zwischen "signed" und "unsigned"
c:\users\maximilian winter\documents\github\assimp-object-converter\assimp\ConfigDataClass.h(377): warning C4018: "<": Konflikt zwischen "signed" und "unsigned"
c:\users\maximilian winter\documents\github\assimp-object-converter\assimp\ConfigDataClass.h(406): warning C4018: "<": Konflikt zwischen "signed" und "unsigned"
c:\users\maximilian winter\documents\github\assimp-object-converter\assimp\ConfigDataClass.h(418): warning C4018: "<": Konflikt zwischen "signed" und "unsigned"
c:\users\maximilian winter\documents\github\assimp-object-converter\assimp\ConfigDataClass.h(446): warning C4018: "<": Konflikt zwischen "signed" und "unsigned"
c:\users\maximilian winter\documents\github\assimp-object-converter\assimp\ConfigDataClass.h(458): warning C4018: "<": Konflikt zwischen "signed" und "unsigned"
c:\users\maximilian winter\documents\github\assimp-object-converter\assimp\ConfigDataClass.h(486): warning C4018: "<": Konflikt zwischen "signed" und "unsigned"
c:\users\maximilian winter\documents\github\assimp-object-converter\assimp\ConfigDataClass.h(498): warning C4018: "<": Konflikt zwischen "signed" und "unsigned"
c:\users\maximilian winter\documents\github\assimp-object-converter\assimp\ConfigDataClass.h(526): warning C4018: "<": Konflikt zwischen "signed" und "unsigned"
c:\users\maximilian winter\documents\github\assimp-object-converter\assimp\ConfigDataClass.h(538): warning C4018: "<": Konflikt zwischen "signed" und "unsigned"
c:\users\maximilian winter\documents\github\assimp-object-converter\assimp\ConfigDataClass.h(566): warning C4018: "<": Konflikt zwischen "signed" und "unsigned"
c:\users\maximilian winter\documents\github\assimp-object-converter\assimp\ConfigDataClass.h(578): warning C4018: "<": Konflikt zwischen "signed" und "unsigned"
c:\users\maximilian winter\documents\github\assimp-object-converter\assimp\ConfigDataClass.h(626): warning C4018: "<": Konflikt zwischen "signed" und "unsigned"
c:\users\maximilian winter\documents\github\assimp-object-converter\assimp\ConfigDataClass.h(634): warning C4018: "<": Konflikt zwischen "signed" und "unsigned"
c:\users\maximilian winter\documents\github\assimp-object-converter\assimp\ConfigDataClass.h(642): warning C4018: "<": Konflikt zwischen "signed" und "unsigned"
c:\users\maximilian winter\documents\github\assimp-object-converter\assimp\ConfigDataClass.h(650): warning C4018: "<": Konflikt zwischen "signed" und "unsigned"
c:\users\maximilian winter\documents\github\assimp-object-converter\assimp\ConfigDataClass.h(658): warning C4018: "<": Konflikt zwischen "signed" und "unsigned"
c:\users\maximilian winter\documents\github\assimp-object-converter\assimp\ConfigDataClass.h(666): warning C4018: "<": Konflikt zwischen "signed" und "unsigned"
c:\users\maximilian winter\documents\github\assimp-object-converter\assimp\ConfigDataClass.h(674): warning C4018: "<": Konflikt zwischen "signed" und "unsigned"
c:\users\maximilian winter\documents\github\assimp-object-converter\assimp\ConfigDataClass.h(682): warning C4018: "<": Konflikt zwischen "signed" und "unsigned"
c:\users\maximilian winter\documents\github\assimp-object-converter\assimp\ConfigDataClass.h(694): warning C4018: "<": Konflikt zwischen "signed" und "unsigned"
c:\users\maximilian winter\documents\github\assimp-object-converter\assimp\ConfigDataClass.h(705): warning C4018: "<": Konflikt zwischen "signed" und "unsigned"
c:\users\maximilian winter\documents\github\assimp-object-converter\assimp\ConfigDataClass.h(716): warning C4018: "<": Konflikt zwischen "signed" und "unsigned"
c:\users\maximilian winter\documents\github\assimp-object-converter\assimp\ConfigDataClass.h(727): warning C4018: "<": Konflikt zwischen "signed" und "unsigned"
c:\users\maximilian winter\documents\github\assimp-object-converter\assimp\ConfigDataClass.h(738): warning C4018: "<": Konflikt zwischen "signed" und "unsigned"
c:\users\maximilian winter\documents\github\assimp-object-converter\assimp\ConfigDataClass.h(749): warning C4018: "<": Konflikt zwischen "signed" und "unsigned"
c:\users\maximilian winter\documents\github\assimp-object-converter\assimp\ConfigDataClass.h(760): warning C4018: "<": Konflikt zwischen "signed" und "unsigned"
c:\users\maximilian winter\documents\github\assimp-object-converter\assimp\ConfigDataClass.h(771): warning C4018: "<": Konflikt zwischen "signed" und "unsigned"
c:\users\maximilian winter\documents\github\assimp-object-converter\assimp\ConfigDataClass.h(962): warning C4018: "<=": Konflikt zwischen "signed" und "unsigned"
c:\users\maximilian winter\documents\github\assimp-object-converter\assimp\ConfigDataClass.h(1005): warning C4018: "<=": Konflikt zwischen "signed" und "unsigned"
c:\users\maximilian winter\documents\github\assimp-object-converter\assimp\ConfigDataClass.h(1041): warning C4018: ">=": Konflikt zwischen "signed" und "unsigned"
c:\users\maximilian winter\documents\github\assimp-object-converter\assimp\ConfigDataClass.h(1198): warning C4018: "<=": Konflikt zwischen "signed" und "unsigned"
c:\users\maximilian winter\documents\github\assimp-object-converter\assimp\ConfigDataClass.h(1230): warning C4018: "<=": Konflikt zwischen "signed" und "unsigned"
c:\users\maximilian winter\documents\github\assimp-object-converter\assimp\ConfigDataClass.h(1287): warning C4018: "<=": Konflikt zwischen "signed" und "unsigned"
c:\users\maximilian winter\documents\github\assimp-object-converter\assimp\ConfigDataClass.h(1312): warning C4018: "<=": Konflikt zwischen "signed" und "unsigned"
c:\users\maximilian winter\documents\github\assimp-object-converter\assimp\ConfigDataClass.h(1458): warning C4018: "<=": Konflikt zwischen "signed" und "unsigned"
c:\users\maximilian winter\documents\github\assimp-object-converter\assimp\ConfigDataClass.h(1503): warning C4018: "<=": Konflikt zwischen "signed" und "unsigned"
main.cpp(160): warning C4018: "<": Konflikt zwischen "signed" und "unsigned"
main.cpp(165): warning C4018: "<": Konflikt zwischen "signed" und "unsigned"
main.cpp(167): warning C4244: "=": Konvertierung von "int" in "float", möglicher Datenverlust
main.cpp(200): warning C4018: "<": Konflikt zwischen "signed" und "unsigned"
main.cpp(207): warning C4018: "<": Konflikt zwischen "signed" und "unsigned"
main.cpp(210): warning C4244: "Argument": Konvertierung von "float" in "long", möglicher Datenverlust
main.cpp(251): warning C4018: "<": Konflikt zwischen "signed" und "unsigned"
main.cpp(267): warning C4244: "=": Konvertierung von "HACD::Real" in "float", möglicher Datenverlust
main.cpp(268): warning C4244: "=": Konvertierung von "HACD::Real" in "float", möglicher Datenverlust
main.cpp(269): warning C4244: "=": Konvertierung von "HACD::Real" in "float", möglicher Datenverlust
main.cpp(307): warning C4305: "Argument": Verkürzung von "double" in "const btScalar"
main.cpp(379): warning C4018: "<": Konflikt zwischen "signed" und "unsigned"
  MeshLoaderClass.cpp
c:\users\maximilian winter\documents\github\assimp-object-converter\assimp\MeshLoaderClass.h(28): warning C4305: "=": Verkürzung von "double" in "float"
MeshLoaderClass.cpp(79): warning C4018: "<": Konflikt zwischen "signed" und "unsigned"
MeshLoaderClass.cpp(85): warning C4018: "<": Konflikt zwischen "signed" und "unsigned"
MeshLoaderClass.cpp(94): warning C4018: "<": Konflikt zwischen "signed" und "unsigned"
MeshLoaderClass.cpp(96): warning C4018: "<": Konflikt zwischen "signed" und "unsigned"
MeshLoaderClass.cpp(137): warning C4018: "<": Konflikt zwischen "signed" und "unsigned"
MeshLoaderClass.cpp(177): warning C4018: "<": Konflikt zwischen "signed" und "unsigned"
MeshLoaderClass.cpp(197): warning C4018: "<": Konflikt zwischen "signed" und "unsigned"
MeshLoaderClass.cpp(206): warning C4018: "<": Konflikt zwischen "signed" und "unsigned"
MeshLoaderClass.cpp(238): warning C4018: "<": Konflikt zwischen "signed" und "unsigned"
  Code wird generiert.
  All 2677 functions were compiled because no usable IPDB/IOBJ from previous compilation was found.
  Codegenerierung ist abgeschlossen.
  Assimp.vcxproj -> C:\Users\Maximilian Winter\Documents\GitHub\Assimp-Object-Converter\Release\Assimp.exe
  Assimp.vcxproj -> C:\Users\Maximilian Winter\Documents\GitHub\Assimp-Object-Converter\Release\Assimp.pdb (Full PDB)
